<?xml version="1.0" encoding="UTF-8"?>
<testsuite xmlns:xsi="http://www.w3.org/2001/XMLSchema-instance" xsi:noNamespaceSchemaLocation="https://maven.apache.org/surefire/maven-surefire-plugin/xsd/surefire-test-report.xsd" name="com.imoving.UI.runners.SmokeRunner" time="36.696" tests="3" errors="0" skipped="0" failures="0">
  <properties>
[...]
</properties>
  <testcase name="Verify user can add items to each room" classname="Full Inventory functionalities" time="20.151"/>
  <testcase name="Verify labor tab button is clickable" classname="Home page functionalities" time="6.068"/>
  <testcase name="verify compare quotes functionality is working" classname="Compare quotes functionalities" time="7.806"/>
</testsuite>